  Movement.h
  dllmain.cpp
Z:\VSProjects\source\repos\MemoryTest\SMM\PathFinding2.h(1905,34): warning C4566: character represented by universal-character-name '\u2713' cannot be represented in the current code page (1252)
  (compiling source file 'dllmain.cpp')
  
Z:\VSProjects\source\repos\MemoryTest\SMM\PathFinding2.h(1946,34): warning C4566: character represented by universal-character-name '\u2713' cannot be represented in the current code page (1252)
  (compiling source file 'dllmain.cpp')
  
Z:\VSProjects\source\repos\MemoryTest\SMM\PathFinding2.h(2005,45): warning C4566: character represented by universal-character-name '\u2713' cannot be represented in the current code page (1252)
  (compiling source file 'dllmain.cpp')
  
Z:\VSProjects\source\repos\MemoryTest\SMM\PathFinding2.h(2086,32): warning C4267: '=': conversion from 'size_t' to 'int', possible loss of data
  (compiling source file 'dllmain.cpp')
  
Z:\VSProjects\source\repos\MemoryTest\SMM\PathFinding2.h(2087,20): warning C4267: 'return': conversion from 'size_t' to 'int', possible loss of data
  (compiling source file 'dllmain.cpp')
  
Z:\VSProjects\source\repos\MemoryTest\SMM\PathFinding2.h(2096,63): warning C4267: '=': conversion from 'size_t' to 'int', possible loss of data
  (compiling source file 'dllmain.cpp')
  
Z:\VSProjects\source\repos\MemoryTest\SMM\PathFinding2.h(2105,66): warning C4267: '=': conversion from 'size_t' to 'int', possible loss of data
  (compiling source file 'dllmain.cpp')
  
Z:\VSProjects\source\repos\MemoryTest\SMM\PathFinding2.h(2108,22): warning C4267: 'argument': conversion from 'size_t' to 'int', possible loss of data
  (compiling source file 'dllmain.cpp')
  
Z:\VSProjects\source\repos\MemoryTest\SMM\PathFinding2.h(2183,31): warning C4267: '=': conversion from 'size_t' to 'int', possible loss of data
  (compiling source file 'dllmain.cpp')
  
Z:\VSProjects\source\repos\MemoryTest\SMM\PathFinding2.h(2223,31): warning C4267: '=': conversion from 'size_t' to 'int', possible loss of data
  (compiling source file 'dllmain.cpp')
  
Z:\VSProjects\source\repos\MemoryTest\SMM\PathFinding2.h(2296,49): warning C4267: 'argument': conversion from 'size_t' to 'const int', possible loss of data
  (compiling source file 'dllmain.cpp')
  
Z:\VSProjects\source\repos\MemoryTest\SMM\PathFinding2.h(2386,34): warning C4566: character represented by universal-character-name '\u2717' cannot be represented in the current code page (1252)
  (compiling source file 'dllmain.cpp')
  
Z:\VSProjects\source\repos\MemoryTest\SMM\PathFinding2.h(2432,49): warning C4566: character represented by universal-character-name '\u2713' cannot be represented in the current code page (1252)
  (compiling source file 'dllmain.cpp')
  
Z:\VSProjects\source\repos\MemoryTest\SMM\PathFinding2.h(2486,57): warning C4566: character represented by universal-character-name '\u2713' cannot be represented in the current code page (1252)
  (compiling source file 'dllmain.cpp')
  
Z:\VSProjects\source\repos\MemoryTest\SMM\GoapSystem.h(276,50): warning C4018: '>': signed/unsigned mismatch
  (compiling source file 'dllmain.cpp')
  
Z:\VSProjects\source\repos\MemoryTest\SMM\GoapSystem.h(434,45): warning C4018: '>=': signed/unsigned mismatch
  (compiling source file 'dllmain.cpp')
  
Z:\VSProjects\source\repos\MemoryTest\SMM\GoapSystem.h(531,30): warning C4267: '=': conversion from 'size_t' to 'int', possible loss of data
  (compiling source file 'dllmain.cpp')
  
Z:\VSProjects\source\repos\MemoryTest\SMM\GoapSystem.h(2432,30): warning C4566: character represented by universal-character-name '\u2717' cannot be represented in the current code page (1252)
  (compiling source file 'dllmain.cpp')
  
Z:\VSProjects\source\repos\MemoryTest\SMM\GoapSystem.h(2453,38): warning C4566: character represented by universal-character-name '\u2717' cannot be represented in the current code page (1252)
  (compiling source file 'dllmain.cpp')
  
Z:\VSProjects\source\repos\MemoryTest\SMM\GoapSystem.h(2481,42): warning C4566: character represented by universal-character-name '\u2717' cannot be represented in the current code page (1252)
  (compiling source file 'dllmain.cpp')
  
Z:\VSProjects\source\repos\MemoryTest\SMM\GoapSystem.h(2489,42): warning C4566: character represented by universal-character-name '\u2717' cannot be represented in the current code page (1252)
  (compiling source file 'dllmain.cpp')
  
Z:\VSProjects\source\repos\MemoryTest\SMM\GoapSystem.h(2499,34): warning C4566: character represented by universal-character-name '\u2713' cannot be represented in the current code page (1252)
  (compiling source file 'dllmain.cpp')
  
Z:\VSProjects\source\repos\MemoryTest\SMM\GoapSystem.h(2507,34): warning C4566: character represented by universal-character-name '\u2713' cannot be represented in the current code page (1252)
  (compiling source file 'dllmain.cpp')
  
Z:\VSProjects\source\repos\MemoryTest\SMM\GoapSystem.h(2535,30): warning C4566: character represented by universal-character-name '\u2717' cannot be represented in the current code page (1252)
  (compiling source file 'dllmain.cpp')
  
Z:\VSProjects\source\repos\MemoryTest\SMM\GoapSystem.h(2619,34): warning C4566: character represented by universal-character-name '\u2717' cannot be represented in the current code page (1252)
  (compiling source file 'dllmain.cpp')
  
Z:\VSProjects\source\repos\MemoryTest\SMM\GoapSystem.h(2717,26): warning C4566: character represented by universal-character-name '\u2713' cannot be represented in the current code page (1252)
  (compiling source file 'dllmain.cpp')
  
Z:\VSProjects\source\repos\MemoryTest\SMM\GoapSystem.h(3281,103): warning C4267: '=': conversion from 'size_t' to 'int', possible loss of data
  (compiling source file 'dllmain.cpp')
  
Z:\VSProjects\source\repos\MemoryTest\SMM\Gathering.h(17,20): warning C4267: 'initializing': conversion from 'size_t' to 'int', possible loss of data
  (compiling source file 'dllmain.cpp')
  
Z:\VSProjects\source\repos\MemoryTest\SMM\Combat.h(74,18): warning C4244: 'initializing': conversion from 'float' to 'int', possible loss of data
  (compiling source file 'dllmain.cpp')
  
Z:\VSProjects\source\repos\MemoryTest\SMM\LuaAnchor.h(228,47): warning C4244: 'argument': conversion from 'double' to 'uint32_t', possible loss of data
  (compiling source file 'dllmain.cpp')
  
Z:\VSProjects\source\repos\MemoryTest\SMM\LuaAnchor.h(230,64): warning C4244: 'argument': conversion from 'double' to 'float', possible loss of data
  (compiling source file 'dllmain.cpp')
  
Z:\VSProjects\source\repos\MemoryTest\SMM\LuaAnchor.h(230,53): warning C4244: 'argument': conversion from 'double' to 'float', possible loss of data
  (compiling source file 'dllmain.cpp')
  
Z:\VSProjects\source\repos\MemoryTest\SMM\LuaAnchor.h(231,62): warning C4244: '=': conversion from 'double' to 'uint32_t', possible loss of data
  (compiling source file 'dllmain.cpp')
  
C:\Program Files\Microsoft Visual Studio\2022\Community\VC\Tools\MSVC\14.44.35207\include\xutility(4813,18): warning C4244: '=': conversion from 'const wchar_t' to 'char', possible loss of data
  (compiling source file 'dllmain.cpp')
      C:\Program Files\Microsoft Visual Studio\2022\Community\VC\Tools\MSVC\14.44.35207\include\xutility(4813,18):
      the template instantiation context (the oldest one first) is
          Z:\VSProjects\source\repos\MemoryTest\SMM\CombatController.h(98,33):
          see reference to function template instantiation 'std::basic_string<char,std::char_traits<char>,std::allocator<char>>::basic_string<std::_String_const_iterator<std::_String_val<std::_Simple_types<_Elem>>>,0>(_Iter,_Iter,const _Alloc &)' being compiled
          with
          [
              _Elem=wchar_t,
              _Iter=std::_String_const_iterator<std::_String_val<std::_Simple_types<wchar_t>>>,
              _Alloc=std::allocator<char>
          ]
              Z:\VSProjects\source\repos\MemoryTest\SMM\CombatController.h(98,63):
              see the first reference to 'std::basic_string<char,std::char_traits<char>,std::allocator<char>>::basic_string' in 'CombatController::Cast'
          C:\Program Files\Microsoft Visual Studio\2022\Community\VC\Tools\MSVC\14.44.35207\include\xstring(812,17):
          see reference to function template instantiation 'void std::basic_string<char,std::char_traits<char>,std::allocator<char>>::_Construct_from_iter<const wchar_t*,const wchar_t*,_Size_type>(_Iter,const _Sent,_Size)' being compiled
          with
          [
              _Size_type=std::+::_Size_type,
              _Iter=const wchar_t *,
              _Sent=const wchar_t *,
              _Size=std::+::_Size_type
          ]
          C:\Program Files\Microsoft Visual Studio\2022\Community\VC\Tools\MSVC\14.44.35207\include\xstring(968,18):
          see reference to function template instantiation '_OutIt *std::_Copy_n_unchecked4<const wchar_t*,_Size,char*>(_InIt,_SizeTy,_OutIt)' being compiled
          with
          [
              _OutIt=char *,
              _Size=std::+::_Size_type,
              _InIt=const wchar_t *,
              _SizeTy=std::+::_Size_type
          ]
  
     Creating library Z:\VSProjects\source\repos\MemoryTest\x64\Release\SMM.lib and object Z:\VSProjects\source\repos\MemoryTest\x64\Release\SMM.exp
  Generating code
  4 of 6900 functions (<0.1%) were compiled, the rest were copied from previous compilation.
    1 functions were new in current compilation
    26 functions had inline decision re-evaluated but remain unchanged
  Finished generating code
  SMM.vcxproj -> Z:\VSProjects\source\repos\MemoryTest\x64\Release\SMM.dll
