z:\vsprojects\source\repos\memorytest\smm\x64\release\vc143.pdb
z:\vsprojects\source\repos\memorytest\smm\x64\release\zutil.obj
z:\vsprojects\source\repos\memorytest\smm\x64\release\uncompr.obj
z:\vsprojects\source\repos\memorytest\smm\x64\release\trees.obj
z:\vsprojects\source\repos\memorytest\smm\x64\release\inftrees.obj
z:\vsprojects\source\repos\memorytest\smm\x64\release\inflate.obj
z:\vsprojects\source\repos\memorytest\smm\x64\release\inffast.obj
z:\vsprojects\source\repos\memorytest\smm\x64\release\infback.obj
z:\vsprojects\source\repos\memorytest\smm\x64\release\gzwrite.obj
z:\vsprojects\source\repos\memorytest\smm\x64\release\gzread.obj
z:\vsprojects\source\repos\memorytest\smm\x64\release\gzlib.obj
z:\vsprojects\source\repos\memorytest\smm\x64\release\gzclose.obj
z:\vsprojects\source\repos\memorytest\smm\x64\release\deflate.obj
z:\vsprojects\source\repos\memorytest\smm\x64\release\crc32.obj
z:\vsprojects\source\repos\memorytest\smm\x64\release\compress.obj
z:\vsprojects\source\repos\memorytest\smm\x64\release\adler32.obj
z:\vsprojects\source\repos\memorytest\smm\x64\release\webserver.obj
z:\vsprojects\source\repos\memorytest\smm\x64\release\vmaploader.obj
z:\vsprojects\source\repos\memorytest\smm\x64\release\movement.obj
z:\vsprojects\source\repos\memorytest\smm\x64\release\gamegui.obj
z:\vsprojects\source\repos\memorytest\smm\x64\release\fmaploader.obj
z:\vsprojects\source\repos\memorytest\smm\x64\release\dllmain.obj
z:\vsprojects\source\repos\memorytest\x64\release\smm.dll
z:\vsprojects\source\repos\memorytest\x64\release\smm.pdb
z:\vsprojects\source\repos\memorytest\x64\release\smm.lib
z:\vsprojects\source\repos\memorytest\x64\release\smm.exp
z:\vsprojects\source\repos\memorytest\smm\x64\release\smm.ipdb
z:\vsprojects\source\repos\memorytest\smm\x64\release\smm.iobj
z:\vsprojects\source\repos\memorytest\smm\x64\release\smm.tlog\cl.command.1.tlog
z:\vsprojects\source\repos\memorytest\smm\x64\release\smm.tlog\cl.items.tlog
z:\vsprojects\source\repos\memorytest\smm\x64\release\smm.tlog\cl.read.1.tlog
z:\vsprojects\source\repos\memorytest\smm\x64\release\smm.tlog\cl.write.1.tlog
z:\vsprojects\source\repos\memorytest\smm\x64\release\smm.tlog\link.command.1.tlog
z:\vsprojects\source\repos\memorytest\smm\x64\release\smm.tlog\link.read.1.tlog
z:\vsprojects\source\repos\memorytest\smm\x64\release\smm.tlog\link.secondary.1.tlog
z:\vsprojects\source\repos\memorytest\smm\x64\release\smm.tlog\link.write.1.tlog
